<?xml version="1.0" encoding="UTF-8"?>
<templateSet group="junit">
  <template name="tcase" value="public static class $NAME$ extends junit.framework.TestCase {&#10;    $END$&#10;}" description="JUnit: Test case (inner class)" toReformat="true" toShortenFQNames="true">
    <variable name="NAME" expression="" defaultValue="&quot;TestName&quot;" alwaysStopAt="true" />
    <context>
      <option name="JAVA_CODE" value="true" />
      <option name="JSP" value="false" />
      <option name="CSS" value="false" />
      <option name="HTML" value="false" />
      <option name="JAVA_COMMENT" value="false" />
      <option name="OTHER" value="false" />
      <option name="XML" value="false" />
      <option name="COMPLETION" value="false" />
      <option name="JAVA_STRING" value="false" />
      <option name="JAVA_SCRIPT" value="false" />
    </context>
  </template>
  <template name="ut" value="public void test$NAME$() {&#10;    $END$&#10;}" description="JUnit: Test case" toReformat="true" toShortenFQNames="true">
    <variable name="NAME" expression="" defaultValue="&quot;&quot;" alwaysStopAt="true" />
    <context>
      <option name="JAVA_CODE" value="true" />
      <option name="JSP" value="false" />
      <option name="CSS" value="false" />
      <option name="HTML" value="false" />
      <option name="JAVA_COMMENT" value="false" />
      <option name="XML" value="false" />
      <option name="COMPLETION" value="false" />
      <option name="OTHER" value="false" />
      <option name="JAVA_STRING" value="false" />
      <option name="JAVA_SCRIPT" value="false" />
    </context>
  </template>
</templateSet>

